[13Aug2025 04:13:16.626] [main/INFO] [cpw.mods.modlauncher.Launcher/MODLAUNCHER]: ModLauncher running: args [--launchTarget, forgeserver, --fml.neoForgeVersion, 21.1.192, --fml.fmlVersion, 4.0.41, --fml.mcVersion, 1.21.1, --fml.neoFormVersion, 20240808.144430, nogui]
[13Aug2025 04:13:16.628] [main/INFO] [cpw.mods.modlauncher.Launcher/MODLAUNCHER]: JVM identified as Ubuntu OpenJDK 64-Bit Server VM 21.0.8+9-Ubuntu-0ubuntu124.04.1
[13Aug2025 04:13:16.629] [main/INFO] [cpw.mods.modlauncher.Launcher/MODLAUNCHER]: ModLauncher 11.0.5+main.901c6ea8 starting: java version 21.0.8 by Ubuntu; OS Linux arch amd64 version 6.8.0-1030-azure
[13Aug2025 04:13:16.944] [main/INFO] [net.neoforged.fml.loading.ImmediateWindowHandler/]: ImmediateWindowProvider not loading because launch target is forgeserver
[13Aug2025 04:13:17.028] [main/INFO] [mixin/]: SpongePowered MIXIN Subsystem Version=0.8.7 Source=union:/workspaces/automatic-robot/servidor_minecraft/libraries/net/fabricmc/sponge-mixin/0.15.2+mixin.0.8.7/sponge-mixin-0.15.2+mixin.0.8.7.jar%2373!/ Service=ModLauncher Env=SERVER
[13Aug2025 04:13:17.288] [main/INFO] [net.neoforged.fml.loading.moddiscovery.ModDiscoverer/SCAN]: Found mod file "server-1.21.1-20240808.144430-srg.jar" [locator: production server provider +net.neoforged:neoforge:21.1.192:server]
[13Aug2025 04:13:17.309] [main/INFO] [net.neoforged.fml.loading.moddiscovery.ModDiscoverer/SCAN]: Found mod file "neoforge-21.1.192-universal.jar" [locator: PathBasedLocator[name=neoforge, paths=[libraries/net/neoforged/neoforge/21.1.192/neoforge-21.1.192-universal.jar]], reader: mod manifest]
[13Aug2025 04:13:17.312] [main/INFO] [net.neoforged.fml.loading.moddiscovery.ModDiscoverer/SCAN]: Found library file "~nonexistent" [locator: org.sinytra.connector.locator.ConnectorEarlyLocatorBootstrap@10650953]
[13Aug2025 04:13:17.321] [main/INFO] [net.neoforged.fml.loading.moddiscovery.ModDiscoverer/SCAN]: Found mod file "Amplified_Nether_1.21.x_v1.2.11.jar" [locator: {mods folder locator at /workspaces/automatic-robot/servidor_minecraft/mods}, reader: mod manifest]
[13Aug2025 04:13:17.325] [main/INFO] [net.neoforged.fml.loading.moddiscovery.ModDiscoverer/SCAN]: Found mod file "appleskin-neoforge-mc1.21-3.0.7.jar" [locator: {mods folder locator at /workspaces/automatic-robot/servidor_minecraft/mods}, reader: mod manifest]
[13Aug2025 04:13:17.328] [main/INFO] [net.neoforged.fml.loading.moddiscovery.ModDiscoverer/SCAN]: Found mod file "Aquaculture-1.21.1-2.7.14.jar" [locator: {mods folder locator at /workspaces/automatic-robot/servidor_minecraft/mods}, reader: mod manifest]
[13Aug2025 04:13:17.332] [main/INFO] [net.neoforged.fml.loading.moddiscovery.ModDiscoverer/SCAN]: Found mod file "aquaculturedelight-1.2.0-neoforge-1.21.1.jar" [locator: {mods folder locator at /workspaces/automatic-robot/servidor_minecraft/mods}, reader: mod manifest]
[13Aug2025 04:13:17.335] [main/INFO] [net.neoforged.fml.loading.moddiscovery.ModDiscoverer/SCAN]: Found mod file "balm-neoforge-1.21.1-21.0.49.jar" [locator: {mods folder locator at /workspaces/automatic-robot/servidor_minecraft/mods}, reader: mod manifest]
[13Aug2025 04:13:17.376] [main/WARN] [net.neoforged.fml.loading.moddiscovery.ModDiscoverer/SCAN]: Skipping jar. File /workspaces/automatic-robot/servidor_minecraft/mods/bettervillage-forge-1.21.1-3.3.1-all.jar is for Minecraft Forge or an older version of NeoForge, and cannot be loaded
[13Aug2025 04:13:17.379] [main/INFO] [net.neoforged.fml.loading.moddiscovery.ModDiscoverer/SCAN]: Found mod file "carryon-neoforge-1.21.1-2.2.2.11.jar" [locator: {mods folder locator at /workspaces/automatic-robot/servidor_minecraft/mods}, reader: mod manifest]
[13Aug2025 04:13:17.381] [main/INFO] [net.neoforged.fml.loading.moddiscovery.ModDiscoverer/SCAN]: Found mod file "Chunky-NeoForge-1.4.23.jar" [locator: {mods folder locator at /workspaces/automatic-robot/servidor_minecraft/mods}, reader: mod manifest]
[13Aug2025 04:13:17.385] [main/INFO] [net.neoforged.fml.loading.moddiscovery.ModDiscoverer/SCAN]: Found mod file "cobweb-neoforge-1.21-1.3.3.jar" [locator: {mods folder locator at /workspaces/automatic-robot/servidor_minecraft/mods}, reader: mod manifest]
[13Aug2025 04:13:17.387] [main/INFO] [net.neoforged.fml.loading.moddiscovery.ModDiscoverer/SCAN]: Found mod file "ConnectorExtras-1.12.1+1.21.1.jar" [locator: {mods folder locator at /workspaces/automatic-robot/servidor_minecraft/mods}, reader: mod manifest]
[13Aug2025 04:13:17.399] [main/INFO] [net.neoforged.fml.loading.moddiscovery.ModDiscoverer/SCAN]: Found mod file "cosmeticarmorreworked-1.21.1-v1-neoforge.jar" [locator: {mods folder locator at /workspaces/automatic-robot/servidor_minecraft/mods}, reader: mod manifest]
[13Aug2025 04:13:17.401] [main/INFO] [net.neoforged.fml.loading.moddiscovery.ModDiscoverer/SCAN]: Found mod file "cristellib-neoforge-1.2.8.jar" [locator: {mods folder locator at /workspaces/automatic-robot/servidor_minecraft/mods}, reader: mod manifest]
[13Aug2025 04:13:17.404] [main/INFO] [net.neoforged.fml.loading.moddiscovery.ModDiscoverer/SCAN]: Found mod file "crittersandcompanions-neoforge-1.21.1-2.3.1.jar" [locator: {mods folder locator at /workspaces/automatic-robot/servidor_minecraft/mods}, reader: mod manifest]
[13Aug2025 04:13:17.406] [main/INFO] [net.neoforged.fml.loading.moddiscovery.ModDiscoverer/SCAN]: Found mod file "cupboard-1.21-2.9.jar" [locator: {mods folder locator at /workspaces/automatic-robot/servidor_minecraft/mods}, reader: mod manifest]
[13Aug2025 04:13:17.409] [main/INFO] [net.neoforged.fml.loading.moddiscovery.ModDiscoverer/SCAN]: Found mod file "curios-neoforge-9.5.1+1.21.1.jar" [locator: {mods folder locator at /workspaces/automatic-robot/servidor_minecraft/mods}, reader: mod manifest]
[13Aug2025 04:13:17.411] [main/INFO] [net.neoforged.fml.loading.moddiscovery.ModDiscoverer/SCAN]: Found mod file "DiagonalFences-v21.1.1-1.21.1-NeoForge.jar" [locator: {mods folder locator at /workspaces/automatic-robot/servidor_minecraft/mods}, reader: mod manifest]
[13Aug2025 04:13:17.413] [main/INFO] [net.neoforged.fml.loading.moddiscovery.ModDiscoverer/SCAN]: Found mod file "ecologics-1.21.1-2.3.1.jar" [locator: {mods folder locator at /workspaces/automatic-robot/servidor_minecraft/mods}, reader: mod manifest]
[13Aug2025 04:13:17.416] [main/INFO] [net.neoforged.fml.loading.moddiscovery.ModDiscoverer/SCAN]: Found mod file "entity_model_features_neoforge_1.21.1-2.4.1.jar" [locator: {mods folder locator at /workspaces/automatic-robot/servidor_minecraft/mods}, reader: mod manifest]
[13Aug2025 04:13:17.418] [main/INFO] [net.neoforged.fml.loading.moddiscovery.ModDiscoverer/SCAN]: Found mod file "entity_texture_features_neoforge_1.21.1-6.2.9.jar" [locator: {mods folder locator at /workspaces/automatic-robot/servidor_minecraft/mods}, reader: mod manifest]
[13Aug2025 04:13:17.420] [main/INFO] [net.neoforged.fml.loading.moddiscovery.ModDiscoverer/SCAN]: Found mod file "ExplorersCompass-1.21.1-3.0.3-neoforge.jar" [locator: {mods folder locator at /workspaces/automatic-robot/servidor_minecraft/mods}, reader: mod manifest]
[13Aug2025 04:13:17.424] [main/INFO] [net.neoforged.fml.loading.moddiscovery.ModDiscoverer/SCAN]: Found mod file "FarmersDelight-1.21.1-1.2.8.jar" [locator: {mods folder locator at /workspaces/automatic-robot/servidor_minecraft/mods}, reader: mod manifest]
[13Aug2025 04:13:17.432] [main/INFO] [net.neoforged.fml.loading.moddiscovery.ModDiscoverer/SCAN]: Found mod file "ferritecore-7.0.2-neoforge.jar" [locator: {mods folder locator at /workspaces/automatic-robot/servidor_minecraft/mods}, reader: mod manifest]
[13Aug2025 04:13:17.433] [main/INFO] [net.neoforged.fml.loading.moddiscovery.ModDiscoverer/SCAN]: Found mod file "forgified-fabric-api-0.115.6+2.1.1+1.21.1.jar" [locator: {mods folder locator at /workspaces/automatic-robot/servidor_minecraft/mods}, reader: mod manifest]
[13Aug2025 04:13:17.435] [main/INFO] [net.neoforged.fml.loading.moddiscovery.ModDiscoverer/SCAN]: Found mod file "framework-neoforge-1.21.1-0.9.6.jar" [locator: {mods folder locator at /workspaces/automatic-robot/servidor_minecraft/mods}, reader: mod manifest]
[13Aug2025 04:13:17.437] [main/INFO] [net.neoforged.fml.loading.moddiscovery.ModDiscoverer/SCAN]: Found mod file "geckolib-neoforge-1.21.1-4.7.6.jar" [locator: {mods folder locator at /workspaces/automatic-robot/servidor_minecraft/mods}, reader: mod manifest]
[13Aug2025 04:13:17.440] [main/INFO] [net.neoforged.fml.loading.moddiscovery.ModDiscoverer/SCAN]: Found mod file "gravestone-neoforge-1.21.1-1.0.32.jar" [locator: {mods folder locator at /workspaces/automatic-robot/servidor_minecraft/mods}, reader: mod manifest]
[13Aug2025 04:13:17.442] [main/INFO] [net.neoforged.fml.loading.moddiscovery.ModDiscoverer/SCAN]: Found mod file "harvest-with-ease-neoforge-1.21-9.4.0.jar" [locator: {mods folder locator at /workspaces/automatic-robot/servidor_minecraft/mods}, reader: mod manifest]
[13Aug2025 04:13:17.444] [main/INFO] [net.neoforged.fml.loading.moddiscovery.ModDiscoverer/SCAN]: Found mod file "inventorysorter-1.21-24.0.20.jar" [locator: {mods folder locator at /workspaces/automatic-robot/servidor_minecraft/mods}, reader: mod manifest]
[13Aug2025 04:13:17.447] [main/INFO] [net.neoforged.fml.loading.moddiscovery.ModDiscoverer/SCAN]: Found mod file "ironchest-1.21-neoforge-16.0.7.jar" [locator: {mods folder locator at /workspaces/automatic-robot/servidor_minecraft/mods}, reader: mod manifest]
[13Aug2025 04:13:17.450] [main/INFO] [net.neoforged.fml.loading.moddiscovery.ModDiscoverer/SCAN]: Found mod file "jei-1.21.1-neoforge-19.21.2.313.jar" [locator: {mods folder locator at /workspaces/automatic-robot/servidor_minecraft/mods}, reader: mod manifest]
[13Aug2025 04:13:17.452] [main/INFO] [net.neoforged.fml.loading.moddiscovery.ModDiscoverer/SCAN]: Found mod file "lootintegration_townsandtowers-1.2.jar" [locator: {mods folder locator at /workspaces/automatic-robot/servidor_minecraft/mods}, reader: mod manifest]
[13Aug2025 04:13:17.455] [main/INFO] [net.neoforged.fml.loading.moddiscovery.ModDiscoverer/SCAN]: Found mod file "lootintegrations-1.21.1-4.7.jar" [locator: {mods folder locator at /workspaces/automatic-robot/servidor_minecraft/mods}, reader: mod manifest]
[13Aug2025 04:13:17.457] [main/INFO] [net.neoforged.fml.loading.moddiscovery.ModDiscoverer/SCAN]: Found mod file "lootr-neoforge-1.21-1.10.35.91.jar" [locator: {mods folder locator at /workspaces/automatic-robot/servidor_minecraft/mods}, reader: mod manifest]
[13Aug2025 04:13:17.459] [main/INFO] [net.neoforged.fml.loading.moddiscovery.ModDiscoverer/SCAN]: Found mod file "mes-1.3.5-1.21.jar" [locator: {mods folder locator at /workspaces/automatic-robot/servidor_minecraft/mods}, reader: mod manifest]
[13Aug2025 04:13:17.461] [main/INFO] [net.neoforged.fml.loading.moddiscovery.ModDiscoverer/SCAN]: Found mod file "mns-1.0.8-1.21.jar" [locator: {mods folder locator at /workspaces/automatic-robot/servidor_minecraft/mods}, reader: mod manifest]
[13Aug2025 04:13:17.464] [main/INFO] [net.neoforged.fml.loading.moddiscovery.ModDiscoverer/SCAN]: Found mod file "modernfix-neoforge-5.24.3+mc1.21.1.jar" [locator: {mods folder locator at /workspaces/automatic-robot/servidor_minecraft/mods}, reader: mod manifest]
[13Aug2025 04:13:17.466] [main/INFO] [net.neoforged.fml.loading.moddiscovery.ModDiscoverer/SCAN]: Found mod file "moonlight-1.21-2.20.7-neoforge.jar" [locator: {mods folder locator at /workspaces/automatic-robot/servidor_minecraft/mods}, reader: mod manifest]
[13Aug2025 04:13:17.469] [main/INFO] [net.neoforged.fml.loading.moddiscovery.ModDiscoverer/SCAN]: Found mod file "mowziesmobs-1.21.1-1.7.5.jar" [locator: {mods folder locator at /workspaces/automatic-robot/servidor_minecraft/mods}, reader: mod manifest]
[13Aug2025 04:13:17.471] [main/INFO] [net.neoforged.fml.loading.moddiscovery.ModDiscoverer/SCAN]: Found mod file "NaturesCompass-1.21.1-3.0.3-neoforge.jar" [locator: {mods folder locator at /workspaces/automatic-robot/servidor_minecraft/mods}, reader: mod manifest]
[13Aug2025 04:13:17.474] [main/INFO] [net.neoforged.fml.loading.moddiscovery.ModDiscoverer/SCAN]: Found mod file "PuzzlesLib-v21.1.38-1.21.1-NeoForge.jar" [locator: {mods folder locator at /workspaces/automatic-robot/servidor_minecraft/mods}, reader: mod manifest]
[13Aug2025 04:13:17.485] [main/INFO] [net.neoforged.fml.loading.moddiscovery.ModDiscoverer/SCAN]: Found mod file "refurbished_furniture-neoforge-1.21.1-1.0.16.jar" [locator: {mods folder locator at /workspaces/automatic-robot/servidor_minecraft/mods}, reader: mod manifest]
[13Aug2025 04:13:17.488] [main/INFO] [net.neoforged.fml.loading.moddiscovery.ModDiscoverer/SCAN]: Found mod file "Ribbits-1.21.1-NeoForge-4.1.2.jar" [locator: {mods folder locator at /workspaces/automatic-robot/servidor_minecraft/mods}, reader: mod manifest]
[13Aug2025 04:13:17.491] [main/INFO] [net.neoforged.fml.loading.moddiscovery.ModDiscoverer/SCAN]: Found mod file "selfexpression-2.22-neoforge-1.21.1.jar" [locator: {mods folder locator at /workspaces/automatic-robot/servidor_minecraft/mods}, reader: mod manifest]
[13Aug2025 04:13:17.494] [main/INFO] [net.neoforged.fml.loading.moddiscovery.ModDiscoverer/SCAN]: Found mod file "sophisticatedbackpacks-1.21.1-3.24.19.1296.jar" [locator: {mods folder locator at /workspaces/automatic-robot/servidor_minecraft/mods}, reader: mod manifest]
[13Aug2025 04:13:17.497] [main/INFO] [net.neoforged.fml.loading.moddiscovery.ModDiscoverer/SCAN]: Found mod file "sophisticatedcore-1.21.1-1.3.62.1074.jar" [locator: {mods folder locator at /workspaces/automatic-robot/servidor_minecraft/mods}, reader: mod manifest]
[13Aug2025 04:13:17.502] [main/INFO] [net.neoforged.fml.loading.moddiscovery.ModDiscoverer/SCAN]: Found mod file "supplementaries-1.21-3.4.4-neoforge.jar" [locator: {mods folder locator at /workspaces/automatic-robot/servidor_minecraft/mods}, reader: mod manifest]
[13Aug2025 04:13:17.505] [main/INFO] [net.neoforged.fml.loading.moddiscovery.ModDiscoverer/SCAN]: Found mod file "t_and_t-neoforge-fabric-1.13.2.jar" [locator: {mods folder locator at /workspaces/automatic-robot/servidor_minecraft/mods}, reader: mod manifest]
[13Aug2025 04:13:17.508] [main/INFO] [net.neoforged.fml.loading.moddiscovery.ModDiscoverer/SCAN]: Found mod file "vanillaplustools-1.0.4-1.21.jar" [locator: {mods folder locator at /workspaces/automatic-robot/servidor_minecraft/mods}, reader: mod manifest]
[13Aug2025 04:13:17.512] [main/INFO] [net.neoforged.fml.loading.moddiscovery.ModDiscoverer/SCAN]: Found mod file "waystones-neoforge-1.21.1-21.1.22.jar" [locator: {mods folder locator at /workspaces/automatic-robot/servidor_minecraft/mods}, reader: mod manifest]
[13Aug2025 04:13:17.513] [main/INFO] [net.neoforged.fml.loading.moddiscovery.ModDiscoverer/SCAN]: Found mod file "YungsApi-1.21.1-NeoForge-5.1.6.jar" [locator: {mods folder locator at /workspaces/automatic-robot/servidor_minecraft/mods}, reader: mod manifest]
[13Aug2025 04:13:17.889] [main/WARN] [net.neoforged.jarjar.selection.JarSelector/]: Attempted to select a dependency jar for JarJar which was passed in as source: library:net.fabricmc.loader. Using Mod File: /~nonexistent
[13Aug2025 04:13:17.889] [main/INFO] [net.neoforged.fml.loading.moddiscovery.locators.JarInJarDependencyLocator/]: Found 59 dependencies adding them to mods collection
[13Aug2025 04:13:17.890] [main/INFO] [net.neoforged.fml.loading.moddiscovery.ModDiscoverer/SCAN]: Found mod file "fabric-transfer-api-v1-5.4.2+a25cb45619.jar" [parent: forgified-fabric-api-0.115.6+2.1.1+1.21.1.jar, locator: jarinjar, reader: mod manifest]
[13Aug2025 04:13:17.890] [main/INFO] [net.neoforged.fml.loading.moddiscovery.ModDiscoverer/SCAN]: Found mod file "kuma-api-neoforge-21.0.5+1.21.jar" [parent: balm-neoforge-1.21.1-21.0.49.jar, locator: jarinjar, reader: mod manifest]
[13Aug2025 04:13:17.890] [main/INFO] [net.neoforged.fml.loading.moddiscovery.ModDiscoverer/SCAN]: Found mod file "fabric-renderer-api-v1-3.4.0+9c40919e19.jar" [parent: forgified-fabric-api-0.115.6+2.1.1+1.21.1.jar, locator: jarinjar, reader: mod manifest]
[13Aug2025 04:13:17.890] [main/INFO] [net.neoforged.fml.loading.moddiscovery.ModDiscoverer/SCAN]: Found mod file "fabric-item-api-v1-11.1.1+57cdfa8219.jar" [parent: forgified-fabric-api-0.115.6+2.1.1+1.21.1.jar, locator: jarinjar, reader: mod manifest]
[13Aug2025 04:13:17.891] [main/INFO] [net.neoforged.fml.loading.moddiscovery.ModDiscoverer/SCAN]: Found library file "net.neoforged.neoforge-coremods-21.1.192.jar" [parent: neoforge-21.1.192-universal.jar, locator: jarinjar, reader: mod manifest]
[13Aug2025 04:13:17.891] [main/INFO] [net.neoforged.fml.loading.moddiscovery.ModDiscoverer/SCAN]: Found mod file "kubejs-bridge-1.12.1+1.21.1.jar" [parent: ConnectorExtras-1.12.1+1.21.1.jar, locator: jarinjar, reader: mod manifest]
[13Aug2025 04:13:17.891] [main/INFO] [net.neoforged.fml.loading.moddiscovery.ModDiscoverer/SCAN]: Found mod file "fabric-model-loading-api-v1-2.0.0+986ae77219.jar" [parent: forgified-fabric-api-0.115.6+2.1.1+1.21.1.jar, locator: jarinjar, reader: mod manifest]
[13Aug2025 04:13:17.891] [main/INFO] [net.neoforged.fml.loading.moddiscovery.ModDiscoverer/SCAN]: Found mod file "modmenu-bridge-1.12.1+1.21.1.jar" [parent: ConnectorExtras-1.12.1+1.21.1.jar, locator: jarinjar, reader: mod manifest]
[13Aug2025 04:13:17.891] [main/INFO] [net.neoforged.fml.loading.moddiscovery.ModDiscoverer/SCAN]: Found mod file "fabric-rendering-fluids-v1-3.1.6+857185bc19.jar" [parent: forgified-fabric-api-0.115.6+2.1.1+1.21.1.jar, locator: jarinjar, reader: mod manifest]
[13Aug2025 04:13:17.891] [main/INFO] [net.neoforged.fml.loading.moddiscovery.ModDiscoverer/SCAN]: Found mod file "pehkui-bridge-1.12.1+1.21.1.jar" [parent: ConnectorExtras-1.12.1+1.21.1.jar, locator: jarinjar, reader: mod manifest]
[13Aug2025 04:13:17.891] [main/INFO] [net.neoforged.fml.loading.moddiscovery.ModDiscoverer/SCAN]: Found mod file "fabric-screen-handler-api-v1-1.3.88+8dbc56dd19.jar" [parent: forgified-fabric-api-0.115.6+2.1.1+1.21.1.jar, locator: jarinjar, reader: mod manifest]
[13Aug2025 04:13:17.891] [main/INFO] [net.neoforged.fml.loading.moddiscovery.ModDiscoverer/SCAN]: Found library file "MixinSquared-0.1.1.jar" [parent: mixinsquared-forge-0.1.1.jar, locator: jarinjar]
[13Aug2025 04:13:17.891] [main/INFO] [net.neoforged.fml.loading.moddiscovery.ModDiscoverer/SCAN]: Found mod file "fabric-resource-loader-v0-1.3.1+4ea8954419.jar" [parent: forgified-fabric-api-0.115.6+2.1.1+1.21.1.jar, locator: jarinjar, reader: mod manifest]
[13Aug2025 04:13:17.891] [main/INFO] [net.neoforged.fml.loading.moddiscovery.ModDiscoverer/SCAN]: Found mod file "fabric-rendering-v1-5.0.5+0d1668bc19.jar" [parent: forgified-fabric-api-0.115.6+2.1.1+1.21.1.jar, locator: jarinjar, reader: mod manifest]
[13Aug2025 04:13:17.891] [main/INFO] [net.neoforged.fml.loading.moddiscovery.ModDiscoverer/SCAN]: Found mod file "fabric-renderer-indigo-1.7.0+4198af7119.jar" [parent: forgified-fabric-api-0.115.6+2.1.1+1.21.1.jar, locator: jarinjar, reader: mod manifest]
[13Aug2025 04:13:17.891] [main/INFO] [net.neoforged.fml.loading.moddiscovery.ModDiscoverer/SCAN]: Found mod file "fabric-convention-tags-v1-2.1.4+7f945d5b19.jar" [parent: forgified-fabric-api-0.115.6+2.1.1+1.21.1.jar, locator: jarinjar, reader: mod manifest]
[13Aug2025 04:13:17.892] [main/INFO] [net.neoforged.fml.loading.moddiscovery.ModDiscoverer/SCAN]: Found mod file "fabric-block-view-api-v2-1.0.11+e9036fd419.jar" [parent: forgified-fabric-api-0.115.6+2.1.1+1.21.1.jar, locator: jarinjar, reader: mod manifest]
[13Aug2025 04:13:17.892] [main/INFO] [net.neoforged.fml.loading.moddiscovery.ModDiscoverer/SCAN]: Found mod file "fabric-command-api-v2-2.2.28+36d727be19.jar" [parent: forgified-fabric-api-0.115.6+2.1.1+1.21.1.jar, locator: jarinjar, reader: mod manifest]
[13Aug2025 04:13:17.892] [main/INFO] [net.neoforged.fml.loading.moddiscovery.ModDiscoverer/SCAN]: Found mod file "fabric-convention-tags-v2-2.11.0+87e5848019.jar" [parent: forgified-fabric-api-0.115.6+2.1.1+1.21.1.jar, locator: jarinjar, reader: mod manifest]
[13Aug2025 04:13:17.892] [main/INFO] [net.neoforged.fml.loading.moddiscovery.ModDiscoverer/SCAN]: Found mod file "fabric-data-attachment-api-v1-1.4.3+58235da019.jar" [parent: forgified-fabric-api-0.115.6+2.1.1+1.21.1.jar, locator: jarinjar, reader: mod manifest]
[13Aug2025 04:13:17.892] [main/INFO] [net.neoforged.fml.loading.moddiscovery.ModDiscoverer/SCAN]: Found mod file "rei-bridge-1.12.1+1.21.1.jar" [parent: ConnectorExtras-1.12.1+1.21.1.jar, locator: jarinjar, reader: mod manifest]
[13Aug2025 04:13:17.892] [main/INFO] [net.neoforged.fml.loading.moddiscovery.ModDiscoverer/SCAN]: Found library file "extras-utils-1.12.1+1.21.1.jar" [parent: ConnectorExtras-1.12.1+1.21.1.jar, locator: jarinjar, reader: mod manifest]
[13Aug2025 04:13:17.892] [main/INFO] [net.neoforged.fml.loading.moddiscovery.ModDiscoverer/SCAN]: Found mod file "fabric-screen-api-v1-2.0.25+4228281319.jar" [parent: forgified-fabric-api-0.115.6+2.1.1+1.21.1.jar, locator: jarinjar, reader: mod manifest]
[13Aug2025 04:13:17.892] [main/INFO] [net.neoforged.fml.loading.moddiscovery.ModDiscoverer/SCAN]: Found mod file "energy-bridge-1.12.1+1.21.1.jar" [parent: ConnectorExtras-1.12.1+1.21.1.jar, locator: jarinjar, reader: mod manifest]
[13Aug2025 04:13:17.892] [main/INFO] [net.neoforged.fml.loading.moddiscovery.ModDiscoverer/SCAN]: Found mod file "fabric-particles-v1-4.0.2+824f924c19.jar" [parent: forgified-fabric-api-0.115.6+2.1.1+1.21.1.jar, locator: jarinjar, reader: mod manifest]
[13Aug2025 04:13:17.892] [main/INFO] [net.neoforged.fml.loading.moddiscovery.ModDiscoverer/SCAN]: Found mod file "fabric-content-registries-v0-8.0.18+0a0c14ff19.jar" [parent: forgified-fabric-api-0.115.6+2.1.1+1.21.1.jar, locator: jarinjar, reader: mod manifest]
[13Aug2025 04:13:17.892] [main/INFO] [net.neoforged.fml.loading.moddiscovery.ModDiscoverer/SCAN]: Found mod file "terrablender-bridge-1.12.1+1.21.1.jar" [parent: ConnectorExtras-1.12.1+1.21.1.jar, locator: jarinjar, reader: mod manifest]
[13Aug2025 04:13:17.892] [main/INFO] [net.neoforged.fml.loading.moddiscovery.ModDiscoverer/SCAN]: Found mod file "fabric-transitive-access-wideners-v1-6.2.0+6c854b6f19.jar" [parent: forgified-fabric-api-0.115.6+2.1.1+1.21.1.jar, locator: jarinjar, reader: mod manifest]
[13Aug2025 04:13:17.893] [main/INFO] [net.neoforged.fml.loading.moddiscovery.ModDiscoverer/SCAN]: Found mod file "diagonalblocks-neoforge-21.1.1.jar" [parent: DiagonalFences-v21.1.1-1.21.1-NeoForge.jar, locator: jarinjar, reader: mod manifest]
[13Aug2025 04:13:17.893] [main/INFO] [net.neoforged.fml.loading.moddiscovery.ModDiscoverer/SCAN]: Found library file "jankson-1.2.3.jar" [parent: cristellib-neoforge-1.2.8.jar, locator: jarinjar]
[13Aug2025 04:13:17.893] [main/INFO] [net.neoforged.fml.loading.moddiscovery.ModDiscoverer/SCAN]: Found gamelibrary file "mixinextras-neoforge-0.4.1.jar" [parent: neoforge-21.1.192-universal.jar, locator: jarinjar, reader: mod manifest]
[13Aug2025 04:13:17.893] [main/INFO] [net.neoforged.fml.loading.moddiscovery.ModDiscoverer/SCAN]: Found library file "httpmime-4.5.10.jar" [parent: entity_texture_features_neoforge_1.21.1-6.2.9.jar, locator: jarinjar]
[13Aug2025 04:13:17.893] [main/INFO] [net.neoforged.fml.loading.moddiscovery.ModDiscoverer/SCAN]: Found mod file "fabric-game-rule-api-v1-1.0.53+36d727be19.jar" [parent: forgified-fabric-api-0.115.6+2.1.1+1.21.1.jar, locator: jarinjar, reader: mod manifest]
[13Aug2025 04:13:17.893] [main/INFO] [net.neoforged.fml.loading.moddiscovery.ModDiscoverer/SCAN]: Found mod file "fabric-api-base-0.4.42+d1308ded19.jar" [parent: forgified-fabric-api-0.115.6+2.1.1+1.21.1.jar, locator: jarinjar, reader: mod manifest]
[13Aug2025 04:13:17.893] [main/INFO] [net.neoforged.fml.loading.moddiscovery.ModDiscoverer/SCAN]: Found mod file "fabric-api-lookup-api-v1-1.6.70+c21168c319.jar" [parent: forgified-fabric-api-0.115.6+2.1.1+1.21.1.jar, locator: jarinjar, reader: mod manifest]
[13Aug2025 04:13:17.893] [main/INFO] [net.neoforged.fml.loading.moddiscovery.ModDiscoverer/SCAN]: Found mod file "fabric-blockrenderlayer-v1-1.1.52+b089b4bd19.jar" [parent: forgified-fabric-api-0.115.6+2.1.1+1.21.1.jar, locator: jarinjar, reader: mod manifest]
[13Aug2025 04:13:17.893] [main/INFO] [net.neoforged.fml.loading.moddiscovery.ModDiscoverer/SCAN]: Found mod file "fabric-block-api-v1-1.0.22+a6e994cd19.jar" [parent: forgified-fabric-api-0.115.6+2.1.1+1.21.1.jar, locator: jarinjar, reader: mod manifest]
[13Aug2025 04:13:17.893] [main/INFO] [net.neoforged.fml.loading.moddiscovery.ModDiscoverer/SCAN]: Found mod file "jei-bridge-1.12.1+1.21.1.jar" [parent: ConnectorExtras-1.12.1+1.21.1.jar, locator: jarinjar, reader: mod manifest]
[13Aug2025 04:13:17.894] [main/INFO] [net.neoforged.fml.loading.moddiscovery.ModDiscoverer/SCAN]: Found mod file "fabric-resource-conditions-api-v1-4.3.0+5bdd099819.jar" [parent: forgified-fabric-api-0.115.6+2.1.1+1.21.1.jar, locator: jarinjar, reader: mod manifest]
[13Aug2025 04:13:17.894] [main/INFO] [net.neoforged.fml.loading.moddiscovery.ModDiscoverer/SCAN]: Found mod file "fabric-item-group-api-v1-4.1.7+e324903319.jar" [parent: forgified-fabric-api-0.115.6+2.1.1+1.21.1.jar, locator: jarinjar, reader: mod manifest]
[13Aug2025 04:13:17.894] [main/INFO] [net.neoforged.fml.loading.moddiscovery.ModDiscoverer/SCAN]: Found mod file "fabric-gametest-api-v1-2.0.5+29f188ce19.jar" [parent: forgified-fabric-api-0.115.6+2.1.1+1.21.1.jar, locator: jarinjar, reader: mod manifest]
[13Aug2025 04:13:17.894] [main/INFO] [net.neoforged.fml.loading.moddiscovery.ModDiscoverer/SCAN]: Found mod file "fabric-biome-api-v1-13.0.31+1e62d33c19.jar" [parent: forgified-fabric-api-0.115.6+2.1.1+1.21.1.jar, locator: jarinjar, reader: mod manifest]
[13Aug2025 04:13:17.894] [main/INFO] [net.neoforged.fml.loading.moddiscovery.ModDiscoverer/SCAN]: Found mod file "fabric-entity-events-v1-1.7.0+1af6e62419.jar" [parent: forgified-fabric-api-0.115.6+2.1.1+1.21.1.jar, locator: jarinjar, reader: mod manifest]
[13Aug2025 04:13:17.895] [main/INFO] [net.neoforged.fml.loading.moddiscovery.ModDiscoverer/SCAN]: Found mod file "fabric-registry-sync-v0-5.2.0+867470b919.jar" [parent: forgified-fabric-api-0.115.6+2.1.1+1.21.1.jar, locator: jarinjar, reader: mod manifest]
[13Aug2025 04:13:17.895] [main/INFO] [net.neoforged.fml.loading.moddiscovery.ModDiscoverer/SCAN]: Found mod file "fabric-recipe-api-v1-5.0.14+59440bcc19.jar" [parent: forgified-fabric-api-0.115.6+2.1.1+1.21.1.jar, locator: jarinjar, reader: mod manifest]
[13Aug2025 04:13:17.895] [main/INFO] [net.neoforged.fml.loading.moddiscovery.ModDiscoverer/SCAN]: Found mod file "fabric-object-builder-api-v1-15.2.1+cc242efd19.jar" [parent: forgified-fabric-api-0.115.6+2.1.1+1.21.1.jar, locator: jarinjar, reader: mod manifest]
[13Aug2025 04:13:17.895] [main/INFO] [net.neoforged.fml.loading.moddiscovery.ModDiscoverer/SCAN]: Found gamelibrary file "mixinsquared-forge-0.1.1.jar" [parent: supplementaries-1.21-3.4.4-neoforge.jar, locator: jarinjar, reader: mod manifest]
[13Aug2025 04:13:17.895] [main/INFO] [net.neoforged.fml.loading.moddiscovery.ModDiscoverer/SCAN]: Found mod file "fabric-loot-api-v2-3.0.15+a3ee712d19.jar" [parent: forgified-fabric-api-0.115.6+2.1.1+1.21.1.jar, locator: jarinjar, reader: mod manifest]
[13Aug2025 04:13:17.895] [main/INFO] [net.neoforged.fml.loading.moddiscovery.ModDiscoverer/SCAN]: Found mod file "fabric-loot-api-v3-1.0.3+333dfad919.jar" [parent: forgified-fabric-api-0.115.6+2.1.1+1.21.1.jar, locator: jarinjar, reader: mod manifest]
[13Aug2025 04:13:17.895] [main/INFO] [net.neoforged.fml.loading.moddiscovery.ModDiscoverer/SCAN]: Found mod file "fabric-rendering-data-attachment-v1-0.3.49+73761d2e19.jar" [parent: forgified-fabric-api-0.115.6+2.1.1+1.21.1.jar, locator: jarinjar, reader: mod manifest]
[13Aug2025 04:13:17.895] [main/INFO] [net.neoforged.fml.loading.moddiscovery.ModDiscoverer/SCAN]: Found mod file "fabric-networking-api-v1-4.3.0+ab6ec1d119.jar" [parent: forgified-fabric-api-0.115.6+2.1.1+1.21.1.jar, locator: jarinjar, reader: mod manifest]
[13Aug2025 04:13:17.895] [main/INFO] [net.neoforged.fml.loading.moddiscovery.ModDiscoverer/SCAN]: Found mod file "fabric-sound-api-v1-1.0.23+10b84f8419.jar" [parent: forgified-fabric-api-0.115.6+2.1.1+1.21.1.jar, locator: jarinjar, reader: mod manifest]
[13Aug2025 04:13:17.895] [main/INFO] [net.neoforged.fml.loading.moddiscovery.ModDiscoverer/SCAN]: Found mod file "fabric-message-api-v1-6.0.13+e053909619.jar" [parent: forgified-fabric-api-0.115.6+2.1.1+1.21.1.jar, locator: jarinjar, reader: mod manifest]
[13Aug2025 04:13:17.895] [main/INFO] [net.neoforged.fml.loading.moddiscovery.ModDiscoverer/SCAN]: Found mod file "emi-bridge-1.12.1+1.21.1.jar" [parent: ConnectorExtras-1.12.1+1.21.1.jar, locator: jarinjar, reader: mod manifest]
[13Aug2025 04:13:17.896] [main/INFO] [net.neoforged.fml.loading.moddiscovery.ModDiscoverer/SCAN]: Found mod file "fabric-lifecycle-events-v1-2.5.0+a2ee258a19.jar" [parent: forgified-fabric-api-0.115.6+2.1.1+1.21.1.jar, locator: jarinjar, reader: mod manifest]
[13Aug2025 04:13:17.896] [main/INFO] [net.neoforged.fml.loading.moddiscovery.ModDiscoverer/SCAN]: Found mod file "fabric-data-generation-api-v1-20.2.28+2d91a6db19.jar" [parent: forgified-fabric-api-0.115.6+2.1.1+1.21.1.jar, locator: jarinjar, reader: mod manifest]
[13Aug2025 04:13:17.896] [main/INFO] [net.neoforged.fml.loading.moddiscovery.ModDiscoverer/SCAN]: Found mod file "fabric-events-interaction-v0-0.7.13+7b71cc1619.jar" [parent: forgified-fabric-api-0.115.6+2.1.1+1.21.1.jar, locator: jarinjar, reader: mod manifest]
[13Aug2025 04:13:17.896] [main/INFO] [net.neoforged.fml.loading.moddiscovery.ModDiscoverer/SCAN]: Found mod file "fabric-key-binding-api-v1-1.0.47+62cc7ce119.jar" [parent: forgified-fabric-api-0.115.6+2.1.1+1.21.1.jar, locator: jarinjar, reader: mod manifest]
[13Aug2025 04:13:17.896] [main/INFO] [net.neoforged.fml.loading.moddiscovery.ModDiscoverer/SCAN]: Found mod file "fabric-client-tags-api-v1-1.1.15+e053909619.jar" [parent: forgified-fabric-api-0.115.6+2.1.1+1.21.1.jar, locator: jarinjar, reader: mod manifest]
[13Aug2025 04:13:17.919] [main/INFO] [org.sinytra.connector.locator.FabricModsDiscoverer/SCAN]: Fabric mod metadata not found in jar bettervillage.forge.all, ignoring
[13Aug2025 04:13:18.098] [main/INFO] [org.sinytra.connector.locator.DependencyResolver/]: Dependency resolution found 0 candidates to load
[13Aug2025 04:13:18.323] [main/INFO] [net.neoforged.fml.loading.moddiscovery.locators.JarInJarDependencyLocator/]: Found 2 dependencies adding them to mods collection
[13Aug2025 04:13:18.323] [main/INFO] [net.neoforged.fml.loading.moddiscovery.ModDiscoverer/SCAN]: Found mod file "org.sinytra.connector-2.0.0-beta.8+1.21.1-mod.jar" [parent: , locator: org.sinytra.connector.locator.ConnectorLocator@62e70ea3, reader: mod manifest]
[13Aug2025 04:13:18.323] [main/INFO] [net.neoforged.fml.loading.moddiscovery.ModDiscoverer/SCAN]: Found gamelibrary file "runtime-1.0.0+1.21.1.jar" [parent: , locator: org.sinytra.connector.locator.ConnectorLocator@62e70ea3, reader: mod manifest]
[13Aug2025 04:13:18.328] [main/INFO] [net.neoforged.fml.loading.moddiscovery.ModDiscoverer/]: 
     Mod List:
		Name Version (Mod Id)

		Amplified Nether 1.2.11 (amplified_nether)
		AppleSkin 3.0.7+mc1.21 (appleskin)
		Aquaculture 2 2.7.14 (aquaculture)
		Aquaculture Delight 1.2.0 (aquaculturedelight)
		Balm 21.0.49 (balm)
		Carry On 2.2.2 (carryon)
		Chunky 1.4.23 (chunky)
		Cobweb 1.3.3 (cobweb)
		Connector Extras 1.12.1+1.21.1 (connectorextras)
		Connector Extras EMI Bridge 1.12.1+1.21.1 (connectorextras_emi_bridge)
		Connector Extras Energy Bridge 1.12.1+1.21.1 (connectorextras_energy_bridge)
		Connector Extras JEI Bridge 1.12.1+1.21.1 (connectorextras_jei_bridge)
		Connector Extras KubeJS Bridge 1.12.1+1.21.1 (connectorextras_kubejs_bridge)
		Connector Extras ModMenu Bridge 1.12.1+1.21.1 (connectorextras_modmenu_bridge)
		Connector Extras Pehkui Bridge 1.12.1+1.21.1 (connectorextras_pehkui_bridge)
		Connector Extras REI Bridge 1.12.1+1.21.1 (connectorextras_rei_bridge)
		Connector Extras Terrablender Bridge 1.12.1+1.21.1 (connectorextras_terrablender_bridge)
		CosmeticArmorReworked 1.21.1-v1-neoforge (cosmeticarmorreworked)
		Cristel Lib 1.2.8 (cristellib)
		Critters and Companions 1.21.1-2.3.1 (crittersandcompanions)
		Cupboard mod 2.9 (cupboard)
		Curios API 9.5.1+1.21.1 (curios)
		Diagonal Blocks 21.1.1 (diagonalblocks)
		Diagonal Fences 21.1.1 (diagonalfences)
		Ecologics 2.3.1 (ecologics)
		Entity Model Features 2.4.1 (entity_model_features)
		Entity Texture Features 6.2.9 (entity_texture_features)
		Explorer's Compass 1.21.1-3.0.3-neoforge (explorerscompass)
		Farmer's Delight 1.2.8 (farmersdelight)
		Ferrite Core 7.0.2 (ferritecore)
		Forgified Fabric API 0.115.6+2.1.1+1.21.1 (fabric_api)
		Forgified Fabric API Base 0.4.42+d1308ded19 (fabric_api_base)
		Forgified Fabric API Lookup API (v1) 1.6.70+c21168c319 (fabric_api_lookup_api_v1)
		Forgified Fabric Biome API (v1) 13.0.31+1e62d33c19 (fabric_biome_api_v1)
		Forgified Fabric Block API (v1) 1.0.22+a6e994cd19 (fabric_block_api_v1)
		Forgified Fabric BlockRenderLayer Registration (v1) 1.1.52+b089b4bd19 (fabric_blockrenderlayer_v1)
		Forgified Fabric BlockView API (v2) 1.0.11+e9036fd419 (fabric_block_view_api_v2)
		Forgified Fabric Client Tags 1.1.15+e053909619 (fabric_client_tags_api_v1)
		Forgified Fabric Command API (v2) 2.2.28+36d727be19 (fabric_command_api_v2)
		Forgified Fabric Content Registries (v0) 8.0.18+0a0c14ff19 (fabric_content_registries_v0)
		Forgified Fabric Convention Tags 2.1.4+7f945d5b19 (fabric_convention_tags_v1)
		Forgified Fabric Convention Tags (v2) 2.11.0+87e5848019 (fabric_convention_tags_v2)
		Forgified Fabric Data Attachment API (v1) 1.4.3+58235da019 (fabric_data_attachment_api_v1)
		Forgified Fabric Data Generation API (v1) 20.2.28+2d91a6db19 (fabric_data_generation_api_v1)
		Forgified Fabric Entity Events (v1) 1.7.0+1af6e62419 (fabric_entity_events_v1)
		Forgified Fabric Events Interaction (v0) 0.7.13+7b71cc1619 (fabric_events_interaction_v0)
		Forgified Fabric Game Rule API (v1) 1.0.53+36d727be19 (fabric_game_rule_api_v1)
		Forgified Fabric Game Test API (v1) 2.0.5+29f188ce19 (fabric_gametest_api_v1)
		Forgified Fabric Item API (v1) 11.1.1+57cdfa8219 (fabric_item_api_v1)
		Forgified Fabric Item Group API (v1) 4.1.7+e324903319 (fabric_item_group_api_v1)
		Forgified Fabric Key Binding API (v1) 1.0.47+62cc7ce119 (fabric_key_binding_api_v1)
		Forgified Fabric Lifecycle Events (v1) 2.5.0+a2ee258a19 (fabric_lifecycle_events_v1)
		Forgified Fabric Loot API (v2) 3.0.15+a3ee712d19 (fabric_loot_api_v2)
		Forgified Fabric Loot API (v3) 1.0.3+333dfad919 (fabric_loot_api_v3)
		Forgified Fabric Message API (v1) 6.0.13+e053909619 (fabric_message_api_v1)
		Forgified Fabric Model Loading API (v1) 2.0.0+986ae77219 (fabric_model_loading_api_v1)
		Forgified Fabric Networking API (v1) 4.3.0+ab6ec1d119 (fabric_networking_api_v1)
		Forgified Fabric Object Builder API (v1) 15.2.1+cc242efd19 (fabric_object_builder_api_v1)
		Forgified Fabric Particles (v1) 4.0.2+824f924c19 (fabric_particles_v1)
		Forgified Fabric Recipe API (v1) 5.0.14+59440bcc19 (fabric_recipe_api_v1)
		Forgified Fabric Registry Sync (v0) 5.2.0+867470b919 (fabric_registry_sync_v0)
		Forgified Fabric Renderer - Indigo 1.7.0+4198af7119 (fabric_renderer_indigo)
		Forgified Fabric Renderer API (v1) 3.4.0+9c40919e19 (fabric_renderer_api_v1)
		Forgified Fabric Rendering (v1) 5.0.5+0d1668bc19 (fabric_rendering_v1)
		Forgified Fabric Rendering Data Attachment (v1) 0.3.49+73761d2e19 (fabric_rendering_data_attachment_v1)
		Forgified Fabric Rendering Fluids (v1) 3.1.6+857185bc19 (fabric_rendering_fluids_v1)
		Forgified Fabric Resource Conditions API (v1) 4.3.0+5bdd099819 (fabric_resource_conditions_api_v1)
		Forgified Fabric Resource Loader (v0) 1.3.1+4ea8954419 (fabric_resource_loader_v0)
		Forgified Fabric Screen API (v1) 2.0.25+4228281319 (fabric_screen_api_v1)
		Forgified Fabric Screen Handler API (v1) 1.3.88+8dbc56dd19 (fabric_screen_handler_api_v1)
		Forgified Fabric Sound API (v1) 1.0.23+10b84f8419 (fabric_sound_api_v1)
		Forgified Fabric Transfer API (v1) 5.4.2+a25cb45619 (fabric_transfer_api_v1)
		Forgified Fabric Transitive Access Wideners (v1) 6.2.0+6c854b6f19 (fabric_transitive_access_wideners_v1)
		Framework 0.9.6 (framework)
		GeckoLib 4 4.7.6 (geckolib)
		Gravestone Mod 1.21.1-1.0.32 (gravestone)
		Harvest with ease 9.4.0 (harvest_with_ease)
		Iron Chests 1.21-neoforge-16.0.7 (ironchest)
		Just Enough Items 19.21.2.313 (jei)
		KumaAPI 21.0.5 (kuma_api)
		lootintegration_townsandtowers mod 1 (lootintegration_townsandtowers)
		Lootintegrations mod 4.7 (lootintegrations)
		Lootr 1.21-1.10.35.91 (lootr)
		Minecraft 1.21.1 (minecraft)
		ModernFix 5.24.3+mc1.21.1 (modernfix)
		Moog's End Structures 1.3.5-1.21 (mes)
		Moog's Nether Structures 1.0.8-1.21 (mns)
		Moonlight Lib 1.21-2.20.7 (moonlight)
		Mowzie's Mobs 1.7.5 (mowziesmobs)
		MrCrayfish's Furniture Mod: Refurbished 1.0.16 (refurbished_furniture)
		Nature's Compass 1.21.1-3.0.2-neoforge (naturescompass)
		NeoForge 21.1.192 (neoforge)
		Puzzles Lib 21.1.38 (puzzleslib)
		Ribbits 1.21.1-NeoForge-4.1.2 (ribbits)
		Selfexpression 2.22 (selfexpression)
		Simple Inventory Sorter 24.0.20 (inventorysorter)
		Sinytra Connector 2.0.0-beta.8+1.21.1 (connector)
		Sophisticated Backpacks 3.24.19 (sophisticatedbackpacks)
		Sophisticated Core 1.3.62 (sophisticatedcore)
		Supplementaries 1.21-3.4.4 (supplementaries)
		Towns and Towers 1.13.2 (t_and_t)
		Vanilla Plus Tools 1.0.4 (vanillaplustools)
		Waystones 21.1.22 (waystones)
		YUNG's API 1.21.1-NeoForge-5.1.6 (yungsapi)
[13Aug2025 04:13:18.789] [main/INFO] [org.sinytra.connector.service.hacks.ModuleLayerMigrator/]: Successfully made module authlib transformable
[13Aug2025 04:13:18.790] [main/INFO] [org.sinytra.connector.service.hacks.ModuleLayerMigrator/]: Successfully made module brigadier transformable
[13Aug2025 04:13:19.308] [main/INFO] [mixin/]: Compatibility level set to JAVA_17
[13Aug2025 04:13:19.311] [main/INFO] [mixin/]: Compatibility level set to JAVA_21
[13Aug2025 04:13:19.511] [main/ERROR] [org.sinytra.connector.ConnectorEarlyLoader/]: Skipping early mod setup due to previous error
[13Aug2025 04:13:19.514] [main/INFO] [cpw.mods.modlauncher.LaunchServiceHandler/MODLAUNCHER]: Launching target 'forgeserver' with arguments [nogui]
[13Aug2025 04:13:19.556] [main/WARN] [mixin/]: Reference map 'kuma_api.refmap.json' for kuma_api.mixins.json could not be read. If this is a development environment you can ignore this message
[13Aug2025 04:13:19.647] [main/INFO] [ModernFix/]: Loaded configuration file for ModernFix 5.24.3+mc1.21.1: 78 options available, 0 override(s) found
[13Aug2025 04:13:19.647] [main/INFO] [ModernFix/]: Applying Nashorn fix
[13Aug2025 04:13:19.650] [main/WARN] [mixin/]: Reference map 'lootintegrations.refmap.json' for lootintegrations.mixins.json could not be read. If this is a development environment you can ignore this message
[13Aug2025 04:13:19.654] [main/WARN] [mixin/]: Reference map 'yungsapi.refmap.json' for yungsapi.mixins.json could not be read. If this is a development environment you can ignore this message
[13Aug2025 04:13:19.658] [main/WARN] [mixin/]: Reference map 'cobweb.refmap.json' for cobweb.mixins.json could not be read. If this is a development environment you can ignore this message
[13Aug2025 04:13:19.661] [main/WARN] [mixin/]: Reference map 'balm.refmap.json' for balm.mixins.json could not be read. If this is a development environment you can ignore this message
[13Aug2025 04:13:19.737] [main/WARN] [mixin/]: Reference map 'carryon.refmap.json' for carryon.mixins.json could not be read. If this is a development environment you can ignore this message
[13Aug2025 04:13:19.757] [main/WARN] [mixin/]: Reference map 'curios.refmap.json' for curios.neoforge.mixins.json could not be read. If this is a development environment you can ignore this message
[13Aug2025 04:13:19.758] [main/WARN] [mixin/]: Reference map 'curios.refmap.json' for curios.mixins.json could not be read. If this is a development environment you can ignore this message
[13Aug2025 04:13:19.760] [main/WARN] [mixin/]: Reference map 'cupboard.refmap.json' for cupboard.mixins.json could not be read. If this is a development environment you can ignore this message
[13Aug2025 04:13:19.761] [main/WARN] [mixin/]: Reference map 'refurbished_furniture.refmap.json' for refurbished_furniture.common.mixins.json could not be read. If this is a development environment you can ignore this message
[13Aug2025 04:13:19.771] [main/WARN] [mixin/]: Reference map 'mowziesmobs.refmap.json' for mowziesmobs.mixins.json could not be read. If this is a development environment you can ignore this message
[13Aug2025 04:13:19.772] [main/WARN] [mixin/]: Reference map 'geckolib.refmap.json' for geckolib.mixins.json could not be read. If this is a development environment you can ignore this message
[13Aug2025 04:13:19.773] [main/WARN] [mixin/]: Reference map 'harvest_with_ease.refmap.json' for harvest_with_ease.mixins.json could not be read. If this is a development environment you can ignore this message
[13Aug2025 04:13:19.782] [main/WARN] [mixin/]: Reference map 'waystones.refmap.json' for waystones.mixins.json could not be read. If this is a development environment you can ignore this message
[13Aug2025 04:13:19.804] [main/WARN] [mixin/]: Reference map 'ribbits.refmap.json' for ribbits.mixins.json could not be read. If this is a development environment you can ignore this message
[13Aug2025 04:13:19.806] [main/WARN] [mixin/]: Reference map 'ribbits.refmap.json' for ribbits_neoforge.mixins.json could not be read. If this is a development environment you can ignore this message
[13Aug2025 04:13:19.813] [main/WARN] [mixin/]: Reference map 'crittersandcompanions.refmap.json' for crittersandcompanions.mixins.json could not be read. If this is a development environment you can ignore this message
[13Aug2025 04:13:19.836] [main/WARN] [mixin/]: Reference map '${refmap_target}refmap.json' for ferritecore.predicates.mixin.json could not be read. If this is a development environment you can ignore this message
[13Aug2025 04:13:19.839] [main/WARN] [mixin/]: Reference map '${refmap_target}refmap.json' for ferritecore.fastmap.mixin.json could not be read. If this is a development environment you can ignore this message
[13Aug2025 04:13:19.841] [main/WARN] [mixin/]: Reference map '${refmap_target}refmap.json' for ferritecore.mrl.mixin.json could not be read. If this is a development environment you can ignore this message
[13Aug2025 04:13:19.842] [main/WARN] [mixin/]: Reference map '${refmap_target}refmap.json' for ferritecore.dedupmultipart.mixin.json could not be read. If this is a development environment you can ignore this message
[13Aug2025 04:13:19.844] [main/WARN] [mixin/]: Reference map '${refmap_target}refmap.json' for ferritecore.blockstatecache.mixin.json could not be read. If this is a development environment you can ignore this message
[13Aug2025 04:13:19.845] [main/WARN] [mixin/]: Reference map '${refmap_target}refmap.json' for ferritecore.dedupbakedquad.mixin.json could not be read. If this is a development environment you can ignore this message
[13Aug2025 04:13:19.846] [main/WARN] [mixin/]: Reference map '${refmap_target}refmap.json' for ferritecore.threaddetec.mixin.json could not be read. If this is a development environment you can ignore this message
[13Aug2025 04:13:19.848] [main/WARN] [mixin/]: Reference map '${refmap_target}refmap.json' for ferritecore.modelsides.mixin.json could not be read. If this is a development environment you can ignore this message
[13Aug2025 04:13:19.849] [main/WARN] [mixin/]: Reference map '${refmap_target}refmap.json' for ferritecore.accessors.mixin.json could not be read. If this is a development environment you can ignore this message
[13Aug2025 04:13:19.893] [main/WARN] [mixin/]: Reference map '' for adapter.init.mixins.json could not be read. If this is a development environment you can ignore this message
[13Aug2025 04:13:22.142] [main/INFO] [MixinExtras|Service/]: Initializing MixinExtras via com.llamalad7.mixinextras.service.MixinExtrasServiceImpl(version=0.4.1).
[13Aug2025 04:13:22.580] [main/INFO] [net.minecraft.server.Bootstrap/]: ModernFix reached bootstrap stage (7.673 s after launch)
[13Aug2025 04:13:23.404] [main/WARN] [mixin/]: @Inject(@At("INVOKE")) Shift.BY=1 on crittersandcompanions.mixins.json:LivingEntityMixin from mod crittersandcompanions::handler$zph000$crittersandcompanions$onDie exceeds the maximum allowed value: 0. Increase the value of maxShiftBy to suppress this warning.
[13Aug2025 04:13:27.924] [main/INFO] [net.minecraft.server.Bootstrap/]: Vanilla bootstrap took 5342 milliseconds
[13Aug2025 04:13:28.068] [modloading-worker-0/INFO] [net.neoforged.neoforge.common.NeoForgeMod/NEOFORGE-MOD]: NeoForge mod loading, version 21.1.192, for MC 1.21.1
[13Aug2025 04:13:28.300] [modloading-worker-0/INFO] [dev.su5ed.sinytra.connectorextras.terrablenderbridge.TerraBlenderBridge/]: Injecting TerraBlender API classes
[13Aug2025 04:13:28.302] [modloading-worker-0/WARN] [dev.su5ed.sinytra.connectorextras.util.HackyModuleInjector/]: Module terrablender is not present, skipping class injection
[13Aug2025 04:13:28.305] [modloading-worker-0/INFO] [Puzzles Lib/]: Constructing common components for diagonalblocks:main
[13Aug2025 04:13:28.459] [modloading-worker-0/INFO] [com.cupboard.Cupboard/]: Loaded config for: cupboard.json
[13Aug2025 04:13:28.482] [modloading-worker-0/INFO] [Towns and Towers/]: Loading T&T
[13Aug2025 04:13:29.135] [modloading-worker-0/INFO] [Puzzles Lib/]: Constructing common components for diagonalfences:main
[13Aug2025 04:13:29.162] [modloading-worker-0/INFO] [Puzzles Lib/]: Constructing common components for puzzleslib:main
[13Aug2025 04:13:30.330] [modloading-sync-worker/INFO] [Diagonal Blocks/]: Constructing shapes for DiagonalFenceBlock[NodeWidth=2.0,ExtensionWidth=2.0,NodeTop=24.0,ExtensionBottom=0.0,ExtensionTop=24.0] took 138ms
[13Aug2025 04:13:30.366] [modloading-sync-worker/INFO] [Diagonal Blocks/]: Constructing shapes for DiagonalFenceBlock[NodeWidth=2.0,ExtensionWidth=2.0,NodeTop=16.0,ExtensionBottom=0.0,ExtensionTop=16.0] took 33ms
[13Aug2025 04:13:30.437] [modloading-sync-worker/INFO] [Diagonal Blocks/]: Constructing shapes for DiagonalFenceBlock[NodeWidth=2.0,ExtensionWidth=1.0,NodeTop=16.0,ExtensionBottom=6.0,ExtensionTop=15.0] took 66ms
[13Aug2025 04:13:31.178] [modloading-sync-worker/INFO] [Moonlight/]: Initialized block sets in 16ms
[13Aug2025 04:13:31.563] [modloading-sync-worker/WARN] [net.neoforged.fml.config.ConfigTracker/]: Opening a config that was already loaded with value LoadedConfig[config=SynchronizedConfig{DataHolder:{redstone=SynchronizedConfig{DataHolder:{wind_vane=true, clock_block=true, redstone_illuminator=true, crank=true, cog_block=true, gold_door=true, gold_trapdoor=true, lock_block=true, relayer=true, speaker_block=SynchronizedConfig{DataHolder:{enabled=true, narrator_enabled=true, max_text=32, range=64}}, bellows=SynchronizedConfig{DataHolder:{enabled=true, base_period=78, power_scaling=2.0, base_velocity_scaling=5.0, range=5}}, spring_launcher=SynchronizedConfig{DataHolder:{enabled=true, velocity=1.5, fall_height_required=5}}, enderman_head=SynchronizedConfig{DataHolder:{enabled=true, drop_head=true, ticks_to_increase_power=15, work_from_any_side=false}}, turn_table=SynchronizedConfig{DataHolder:{enabled=true, rotate_entities=true, shuffle_containers=true}}, pulley_block=SynchronizedConfig{DataHolder:{enabled=true, mineshaft_elevator=0.035}}, dispenser_minecart=SynchronizedConfig{DataHolder:{enabled=true, adjust_projectile_angle=true}}, faucet=SynchronizedConfig{DataHolder:{enabled=true, spill_items=true, fill_entities_below=false}}, crystal_display=SynchronizedConfig{DataHolder:{enabled=true, chaining=true}}}}, functional=SynchronizedConfig{DataHolder:{fodder=true, hourglass=true, rope=SynchronizedConfig{DataHolder:{block_side_attachment=true, slide_on_fall=true, rope_override=supplementaries:rope, horizontal_ropes=true, replace_in_loot_tables=NONE}}, jar=SynchronizedConfig{DataHolder:{enabled=true, capacity=12, drink_from_jar=false, drink_from_jar_item=false, jar_auto_detect=false, jar_capture=true, jar_cookies=true, jar_liquids=true}}, cage=SynchronizedConfig{DataHolder:{enabled=true, allow_all_mobs=false, cage_allow_all_babies=false, cage_auto_detect=false, persistent_mobs=false, health_threshold=100, require_taming=true}}, safe=SynchronizedConfig{DataHolder:{enabled=true, prevent_breaking=false, simple_safes=false}}, sack=SynchronizedConfig{DataHolder:{enabled=true, sack_penalty=true, sack_increment=2, slots=9}}, bamboo_spikes=SynchronizedConfig{DataHolder:{enabled=true, tipped_spikes=true, player_loot=false, only_allow_harmful_effects=true, populate_creative_tab=true}}, urn=SynchronizedConfig{DataHolder:{enabled=true, critter_spawn_chance=0.01, cave_urns=true}}, soap=SynchronizedConfig{DataHolder:{enabled=true, clean_blacklist=[minecraft:glazed_terracotta, botania:mystical_flower, mna:chimerite_crystal, botania:floating_flower, ,minecraft:mushroom, botania:mushroom, botania:tall_mystical_flower, botania:petal_block, morered:network_cable, xycraft_world:glowing_shiny_aurey_block, xycraft_world:shiny_aurey_block, xycraft_world:rgb_lamp, xycraft_world:glowing_rgb_viewer, xycraft_world:glowing_matte_rgb_block, xycraft_world:rgb_lamp_pole], special_blocks=SynchronizedConfig{DataHolder:{quark:dirty_glass=minecraft:glass, #alexscaves:cave_paintings=alexscaves:smooth_limestone, minecraft:wither_rose=minecraft:poppy, quark:dirty_glass_pane=minecraft:glass_pane}}}}, cannon=SynchronizedConfig{DataHolder:{enabled=true, explode_tnt=IGNITE, fire_power=0.6, fuse_time=40, cooldown=60, music_disc_heave_ho=true, cannon_boat=SynchronizedConfig{DataHolder:{enabled=true, recoil_multiplier=0.5}}, cannonball=SynchronizedConfig{DataHolder:{enabled=true, power_scaling=3.5, break_radius=1.1}}}}, present=SynchronizedConfig{DataHolder:{enabled=true, trapped_present=true}}, flax=SynchronizedConfig{DataHolder:{enabled=true, wild_flax=true}}, lumisene=SynchronizedConfig{DataHolder:{enabled=true, flammable_from_lumisene_block_duration=50, lumisene_bottle=SynchronizedConfig{DataHolder:{enabled=true, flammable_duration=300, glowing_duration=200}}}}}}, building=SynchronizedConfig{DataHolder:{lapis_bricks=true, deepslate_lamp=true, end_stone_lamp=true, blackstone_lamp=true, stone_lamp=true, stone_tile=true, blackstone_tile=true, bunting=true, sconce=true, sconce_lever=true, pancake=true, checker_block=true, raked_gravel=true, feather_block=true, statue=true, doormat=true, flint_block=true, fine_wood=true, candle_holder=true, fire_pit=true, wicker_fence=true, blackboard=SynchronizedConfig{DataHolder:{enabled=true, colored_blackboard=false, interaction_mode=BOTH}}, gravel_bricks=SynchronizedConfig{DataHolder:{enabled=true}}, slidy_block=SynchronizedConfig{DataHolder:{enabled=true, speed=0.125}}, timber_frame=SynchronizedConfig{DataHolder:{enabled=true, swap_on_shift=false, axes_strip=true, replace_daub=true}}, iron_gate=SynchronizedConfig{DataHolder:{enabled=true, double_opening=true, door-like_gates=false}}, item_shelf=SynchronizedConfig{DataHolder:{enabled=true, climbable_shelves=false}}, sugar_cube=SynchronizedConfig{DataHolder:{enabled=true, horse_speed_duration=10}}, planter=SynchronizedConfig{DataHolder:{enabled=true, broken_by_sapling=false, rich_soil_planter=true}}, notice_board=SynchronizedConfig{DataHolder:{enabled=true, allow_any_item=false, gui=true}}, pedestal=SynchronizedConfig{DataHolder:{enabled=true, crystal_enchanting=3.0}}, ash=SynchronizedConfig{DataHolder:{enabled=true, ash_from_fire_chance=1.0, ash_from_burning_mobs=true, rain_wash_ash=true, basalt_ash=true}}, flag=SynchronizedConfig{DataHolder:{enabled=true, stick_pole=true, pole_length=16}}, goblet=SynchronizedConfig{DataHolder:{enabled=true, allow_drinking=true}}, globe=SynchronizedConfig{DataHolder:{enabled=true, show_coordinates=true, sepia_globe=true}}, way_sign=SynchronizedConfig{DataHolder:{enabled=true, road_signs=SynchronizedConfig{DataHolder:{enabled=true, show_distance_text=true}}}}, daub=SynchronizedConfig{DataHolder:{enabled=true, wattle_and_daub=true}}, ash_bricks=SynchronizedConfig{DataHolder:{enabled=true}}, hat_stand=SynchronizedConfig{DataHolder:{enabled=true, unrestricted=false}}, awning=SynchronizedConfig{DataHolder:{enabled=true, slant=true, shift_through=true, angle=69.44395478041653}}, flower_box=SynchronizedConfig{DataHolder:{enabled=true, simple_mode=true}}, netherite_doors=SynchronizedConfig{DataHolder:{door=true, trapdoor=true, unbreakable=false}}}}, tools=SynchronizedConfig{DataHolder:{candy=true, stasis=true, altimeter=true, confetti_popper=true, quiver=SynchronizedConfig{DataHolder:{enabled=true, use_without_slow=true, slots=6, quiver_skeleton_spawn_chance=0.03, quiver_skeleton_spawn_depend_on_global_difficulty=true, only_works_in_curio=false, quiver_pickup=true}}, lunch_basket=SynchronizedConfig{DataHolder:{enabled=true, placeable=true, slots=6}}, slice_map=SynchronizedConfig{DataHolder:{enabled=true, range_multiplier=0.25}}, bubble_blower=SynchronizedConfig{DataHolder:{enabled=true, stasis_cost=5, bubble_block=SynchronizedConfig{DataHolder:{lifetime=1200, break_when_touched=true, max_charges=200}}}}, wrench=SynchronizedConfig{DataHolder:{enabled=true, bypass_when_on=MAIN_HAND}}, rope_arrow=SynchronizedConfig{DataHolder:{enabled=true, capacity=32, exclusive_to_crossbows=false}}, flute=SynchronizedConfig{DataHolder:{enabled=true, unbound=false, unbound_radius=64, bound_distance=64}}, bomb=SynchronizedConfig{DataHolder:{enabled=true, explosion_radius=2.0, break_blocks=WEAK, bomb_fuse=0, cooldown=true, blue_bomb=SynchronizedConfig{DataHolder:{explosion_radius=5.15, break_blocks=WEAK}}}}, slingshot=SynchronizedConfig{DataHolder:{enabled=true, range_multiplier=1.0, charge_time=20, stasis_deceleration=0.9625, unrestricted_enderman_intercept=true, allow_buckets=true, damageable_damage=0.5, allow_splash_potions=false, allow_bombs=false, allow_fire_charges=false, allow_snowballs=false, allow_enderpearls=false}}, antique_ink=SynchronizedConfig{DataHolder:{enabled=true}}}}, general=SynchronizedConfig{DataHolder:{creative_tab=false, dispensers=true, jar_tab=false, debug_save_dynamic_pack=false, sanity_checks_messages=true, red_merchant_spawn_multiplier=1.0}}, tweaks=SynchronizedConfig{DataHolder:{dragon_banner_pattern=SynchronizedConfig{DataHolder:{enabled=true}}, shulker_helmet=SynchronizedConfig{DataHolder:{enabled=true}}, golden_apple_disenchant=SynchronizedConfig{DataHolder:{enabled=true}}, traders_open_doors=SynchronizedConfig{DataHolder:{enabled=true}}, dispenser_tweaks=SynchronizedConfig{DataHolder:{axe_strip=true, shoot_ender_pearls=true, extract_from_bundles=true}}, throwable_bricks=SynchronizedConfig{DataHolder:{enabled=true}}, placeable_sticks=SynchronizedConfig{DataHolder:{sticks=true, blaze_rods=true}}, placeable_gunpowder=SynchronizedConfig{DataHolder:{enabled=true, speed=2, spread_age=2}}, raked_gravel=SynchronizedConfig{DataHolder:{enabled=true}}, bottle_xp=SynchronizedConfig{DataHolder:{enabled=false, cost=2, target_block=}}, map_tweaks=SynchronizedConfig{DataHolder:{random_adventurer_maps=true, random_adventurer_maps_select_random_structure=true, block_map_markers=true, death_marker=WITH_COMPASS, quill_adventurer_maps=true, quill_vanilla_maps=true, min_search_radius=75, tinted_blocks_on_maps=true}}, placeable_books=SynchronizedConfig{DataHolder:{enabled=true, mixed_books=false}}, zombie_horse=SynchronizedConfig{DataHolder:{zombie_horse_conversion=true, rotten_flesh=64, rideable_underwater=true, zombie_horse_inverse_conversion=true}}, noteblocks_scare=SynchronizedConfig{DataHolder:{enabled=true}}, bad_luck_tweaks=SynchronizedConfig{DataHolder:{cat_unluck=true, lightning_unluck=true}}, item_lore=SynchronizedConfig{DataHolder:{enabled=true}}, sus_recipes=SynchronizedConfig{DataHolder:{enabled=true}}, slimed_effect=SynchronizedConfig{DataHolder:{enabled=true, throwable_slimeballs=true, hinders_jump=NORMAL_DIFFICULTY, duration=300, chance_per_slime_size=0.15}}, clock_and_compass=SynchronizedConfig{DataHolder:{clock_right_click=true, compass_right_click=false}}}}}}, path=/workspaces/automatic-robot/servidor_minecraft/config/supplementaries-common.toml, modConfig=net.neoforged.fml.config.ModConfig@65b983b9] at path supplementaries-common.toml
[13Aug2025 04:13:31.601] [modloading-worker-0/INFO] [com.lootintegrations.LootintegrationsMod/]: lootintegrations mod initialized
[13Aug2025 04:13:31.641] [modloading-sync-worker/INFO] [ribbits/]: Registering Ribbit umbrella types...
[13Aug2025 04:13:31.641] [modloading-sync-worker/INFO] [ribbits/]: Registering Ribbit professions...
[13Aug2025 04:13:31.641] [modloading-sync-worker/INFO] [ribbits/]: Registering Ribbit instruments...
[13Aug2025 04:13:31.658] [NeoForge Version Check/INFO] [net.neoforged.fml.VersionChecker/]: [cobweb] Starting version check at https://api.modrinth.com/updates/cobweb/forge_updates.json
[13Aug2025 04:13:31.674] [modloading-sync-worker/INFO] [Supplementaries/]: Finished mod setup in: [0, 0, 1, 0, 0, 26, 1] ms
[13Aug2025 04:13:31.710] [modloading-sync-worker/INFO] [Moonlight/]: Initialized color sets in 21ms
[13Aug2025 04:13:31.756] [modloading-sync-worker/INFO] [Framework/SYNCED_ENTITY_DATA]: Registered synced data key refurbished_furniture:lock_yaw for refurbished_furniture:seat
[13Aug2025 04:13:31.967] [NeoForge Version Check/INFO] [net.neoforged.fml.VersionChecker/]: [cobweb] Found status: BETA Current: 1.3.3 Target: null
[13Aug2025 04:13:31.967] [NeoForge Version Check/INFO] [net.neoforged.fml.VersionChecker/]: [diagonalblocks] Starting version check at https://raw.githubusercontent.com/Fuzss/modresources/main/update/diagonalblocks.json
[13Aug2025 04:13:31.981] [main/WARN] [net.neoforged.neoforge.server.loading.ServerModLoader/LOADING]: Mods loaded with 1 issues
[13Aug2025 04:13:31.981] [main/WARN] [net.neoforged.neoforge.server.loading.ServerModLoader/LOADING]: fml.modloadingissue.brokenfile.minecraft_forge [[]]
[13Aug2025 04:13:31.998] [NeoForge Version Check/INFO] [net.neoforged.fml.VersionChecker/]: [diagonalblocks] Found status: BETA Current: 21.1.1 Target: null
[13Aug2025 04:13:31.998] [NeoForge Version Check/INFO] [net.neoforged.fml.VersionChecker/]: [harvest_with_ease] Starting version check at https://api.modrinth.com/updates/harvest-with-ease/forge_updates.json
[13Aug2025 04:13:32.018] [main/INFO] [com.mojang.authlib.yggdrasil.YggdrasilAuthenticationService/]: Environment: Environment[sessionHost=https://sessionserver.mojang.com, servicesHost=https://api.minecraftservices.com, name=PROD]
[13Aug2025 04:13:32.114] [main/WARN] [net.minecraft.server.packs.VanillaPackResourcesBuilder/]: Assets URL 'union:/workspaces/automatic-robot/servidor_minecraft/libraries/net/minecraft/server/1.21.1-20240808.144430/server-1.21.1-20240808.144430-srg.jar%23169!/assets/.mcassetsroot' uses unexpected schema
[13Aug2025 04:13:32.114] [main/WARN] [net.minecraft.server.packs.VanillaPackResourcesBuilder/]: Assets URL 'union:/workspaces/automatic-robot/servidor_minecraft/libraries/net/minecraft/server/1.21.1-20240808.144430/server-1.21.1-20240808.144430-srg.jar%23169!/data/.mcassetsroot' uses unexpected schema
[13Aug2025 04:13:32.122] [NeoForge Version Check/INFO] [net.neoforged.fml.VersionChecker/]: [harvest_with_ease] Found status: BETA Current: 9.4.0 Target: null
[13Aug2025 04:13:32.122] [NeoForge Version Check/INFO] [net.neoforged.fml.VersionChecker/]: [gravestone] Starting version check at https://update.maxhenkel.de/neoforge/gravestone
[13Aug2025 04:13:32.208] [main/INFO] [Moonlight/]: Reloading dynamic packs before reloading data packs for SERVER_DATA
[13Aug2025 04:13:32.247] [main/INFO] [Supplementaries/]: Generated runtime SERVER_DATA for pack supplementaries:generated_pack (supplementaries) in: 37 ms (multithreaded)
[13Aug2025 04:13:32.248] [main/INFO] [Moonlight/]: Generated runtime resources for 1 packs in a total of: 39 ms
[13Aug2025 04:13:32.859] [NeoForge Version Check/INFO] [net.neoforged.fml.VersionChecker/]: [gravestone] Found status: BETA Current: 1.21.1-1.0.32 Target: 1.21.1-1.0.32
[13Aug2025 04:13:32.859] [NeoForge Version Check/INFO] [net.neoforged.fml.VersionChecker/]: [diagonalfences] Starting version check at https://raw.githubusercontent.com/Fuzss/modresources/main/update/diagonalfences.json
[13Aug2025 04:13:32.873] [NeoForge Version Check/INFO] [net.neoforged.fml.VersionChecker/]: [diagonalfences] Found status: UP_TO_DATE Current: 21.1.1 Target: null
[13Aug2025 04:13:32.873] [NeoForge Version Check/INFO] [net.neoforged.fml.VersionChecker/]: [crittersandcompanions] Starting version check at https://api.modrinth.com/updates/critters-and-companions/forge_updates.json
[13Aug2025 04:13:32.921] [NeoForge Version Check/INFO] [net.neoforged.fml.VersionChecker/]: [crittersandcompanions] Found status: BETA Current: 1.21.1-2.3.1 Target: null
[13Aug2025 04:13:32.921] [NeoForge Version Check/INFO] [net.neoforged.fml.VersionChecker/]: [puzzleslib] Starting version check at https://raw.githubusercontent.com/Fuzss/modresources/main/update/puzzleslib.json
[13Aug2025 04:13:32.931] [NeoForge Version Check/INFO] [net.neoforged.fml.VersionChecker/]: [puzzleslib] Found status: UP_TO_DATE Current: 21.1.38 Target: null
[13Aug2025 04:13:33.465] [Worker-Main-1/WARN] [net.minecraft.server.ReloadableServerRegistries/]: Found loot table element validation problem in {minecraft:loot_table:minecraft:chests/pillager_outpost}.pools[6].entries[0]: Unknown loot table called supplementaries:inject/pillager_quiver
[13Aug2025 04:13:34.068] [main/ERROR] [net.minecraft.world.item.crafting.RecipeManager/]: Parsing error loading recipe selfexpression:akoo_ls_jakcetcraft: com.google.gson.JsonParseException: Map entry 'b' : Failed to parse either. First: Not a json array: {"item":"minecraft:air"}; Second: No key tag in MapLike[{"item":"minecraft:air"}]; Item must not be minecraft:air
[13Aug2025 04:13:34.114] [main/ERROR] [net.minecraft.world.item.crafting.RecipeManager/]: Parsing error loading recipe selfexpression:akoo_ls_trouserscraft: com.google.gson.JsonParseException: Map entry 'b' : Failed to parse either. First: Not a json array: {"item":"minecraft:air"}; Second: No key tag in MapLike[{"item":"minecraft:air"}]; Item must not be minecraft:air
[13Aug2025 04:13:34.213] [main/ERROR] [net.minecraft.world.item.crafting.RecipeManager/]: Parsing error loading recipe selfexpression:akoo_ls_capcraft: com.google.gson.JsonParseException: Map entry 'b' : Failed to parse either. First: Not a json array: {"item":"minecraft:air"}; Second: No key tag in MapLike[{"item":"minecraft:air"}]; Item must not be minecraft:air
[13Aug2025 04:13:34.223] [main/INFO] [net.minecraft.world.item.crafting.RecipeManager/]: Loaded 3853 recipes
[13Aug2025 04:13:34.500] [main/INFO] [net.minecraft.advancements.AdvancementTree/]: Loaded 2652 advancements
[13Aug2025 04:13:34.503] [main/INFO] [com.cupboard.Cupboard/]: Loaded config for: lootintegrations.json
[13Aug2025 04:13:34.516] [main/INFO] [Curios API/]: Loaded 10 curio slots
[13Aug2025 04:13:34.519] [main/INFO] [Curios API/]: Loaded 1 curio entities
[13Aug2025 04:13:34.547] [main/INFO] [Moonlight/]: Applied 7 data villager trades
[13Aug2025 04:13:34.552] [main/INFO] [Supplementaries/]: Loaded 28 flute songs
[13Aug2025 04:13:34.795] [main/INFO] [Supplementaries/]: Registering custom dispenser behaviors
[13Aug2025 04:13:34.817] [main/WARN] [ModernFix/]: Initial datapack load took 2.683 s
[13Aug2025 04:13:34.875] [Server thread/INFO] [net.minecraft.server.dedicated.DedicatedServer/]: Starting minecraft server version 1.21.1
[13Aug2025 04:13:34.875] [Server thread/INFO] [net.minecraft.server.dedicated.DedicatedServer/]: Loading properties
[13Aug2025 04:13:34.875] [Server thread/INFO] [net.minecraft.server.dedicated.DedicatedServer/]: Default game type: SURVIVAL
[13Aug2025 04:13:34.876] [Server thread/INFO] [net.minecraft.server.MinecraftServer/]: Generating keypair
[13Aug2025 04:13:34.989] [Server thread/INFO] [net.minecraft.server.dedicated.DedicatedServer/]: Starting Minecraft server on *:25565
[13Aug2025 04:13:35.027] [Server thread/INFO] [net.minecraft.server.network.ServerConnectionListener/]: Using epoll channel type
[13Aug2025 04:13:35.055] [Server thread/WARN] [net.minecraft.server.dedicated.DedicatedServer/]: **** SERVER IS RUNNING IN OFFLINE/INSECURE MODE!
[13Aug2025 04:13:35.055] [Server thread/WARN] [net.minecraft.server.dedicated.DedicatedServer/]: The server will make no attempt to authenticate usernames. Beware.
[13Aug2025 04:13:35.056] [Server thread/WARN] [net.minecraft.server.dedicated.DedicatedServer/]: While this makes the game possible to play without internet access, it also opens up the ability for hackers to connect with any username they choose.
[13Aug2025 04:13:35.056] [Server thread/WARN] [net.minecraft.server.dedicated.DedicatedServer/]: To change this, set "online-mode" to "true" in the server.properties file.
[13Aug2025 04:13:35.116] [Server thread/INFO] [Framework/]: Loading server configs...
[13Aug2025 04:13:35.123] [Server thread/INFO] [net.minecraft.server.dedicated.DedicatedServer/]: Preparing level "world"
[13Aug2025 04:13:35.451] [Server thread/INFO] [net.minecraft.server.MinecraftServer/]: Preparing start region for dimension minecraft:overworld
[13Aug2025 04:13:35.749] [Worker-Main-3/INFO] [net.minecraft.server.level.progress.LoggerChunkProgressListener/]: Preparing spawn area: 0%
[13Aug2025 04:13:35.920] [Server thread/INFO] [net.minecraft.server.level.progress.LoggerChunkProgressListener/]: Time elapsed: 469 ms
[13Aug2025 04:13:35.921] [Server thread/INFO] [net.minecraft.server.dedicated.DedicatedServer/]: Done (0.855s)! For help, type "help"
[13Aug2025 04:13:35.935] [Server thread/INFO] [Moonlight/]: Reloading dynamic packs before reloading data packs for CLIENT_RESOURCES
[13Aug2025 04:13:35.935] [Server thread/INFO] [Moonlight/]: Generated runtime resources for 1 packs in a total of: 0 ms
[13Aug2025 04:13:36.005] [Server thread/INFO] [net.neoforged.neoforge.server.permission.PermissionAPI/]: Successfully initialized permission handler neoforge:default_handler
[13Aug2025 04:13:39.725] [Server thread/WARN] [ModernFix/]: Dedicated server took 24.819 seconds to load
[13Aug2025 04:14:53.443] [Server thread/INFO] [net.minecraft.server.players.PlayerList/]: OmegaQesm_[/127.119.90.33:50539] logged in with entity id 73 at (-10.562340280508316, 65.0, -22.546027677928016)
[13Aug2025 04:14:53.525] [Server thread/INFO] [net.minecraft.server.MinecraftServer/]: OmegaQesm_ joined the game
[13Aug2025 04:17:18.835] [Server thread/INFO] [net.minecraft.server.MinecraftServer/]: OmegaQesm_ tried to swim in lava
[13Aug2025 04:21:59.124] [Server thread/INFO] [net.minecraft.server.players.PlayerList/]: DMkingo[/127.246.161.60:53901] logged in with entity id 5042 at (-35.5, 73.0, -64.5)
[13Aug2025 04:21:59.127] [Server thread/INFO] [net.minecraft.server.MinecraftServer/]: DMkingo joined the game
[13Aug2025 04:22:43.387] [Server thread/WARN] [net.minecraft.server.level.ServerPlayerGameMode/]: Mismatch in destroy block pos: BlockPos{x=0, y=0, z=0} BlockPos{x=-39, y=73, z=-60}
[13Aug2025 04:22:43.696] [Server thread/WARN] [net.minecraft.server.level.ServerPlayerGameMode/]: Mismatch in destroy block pos: BlockPos{x=0, y=0, z=0} BlockPos{x=-38, y=73, z=-58}
[13Aug2025 04:22:44.649] [Server thread/WARN] [net.minecraft.server.level.ServerPlayerGameMode/]: Mismatch in destroy block pos: BlockPos{x=0, y=0, z=0} BlockPos{x=-41, y=73, z=-57}
[13Aug2025 04:22:49.354] [Server thread/WARN] [net.minecraft.server.level.ServerPlayerGameMode/]: Mismatch in destroy block pos: BlockPos{x=0, y=0, z=0} BlockPos{x=-39, y=73, z=-59}
[13Aug2025 04:22:49.609] [Server thread/WARN] [net.minecraft.server.level.ServerPlayerGameMode/]: Mismatch in destroy block pos: BlockPos{x=0, y=0, z=0} BlockPos{x=-39, y=73, z=-59}
[13Aug2025 04:22:49.801] [Server thread/WARN] [net.minecraft.server.level.ServerPlayerGameMode/]: Mismatch in destroy block pos: BlockPos{x=0, y=0, z=0} BlockPos{x=-39, y=73, z=-59}
[13Aug2025 04:22:57.094] [Server thread/WARN] [net.minecraft.server.level.ServerPlayerGameMode/]: Mismatch in destroy block pos: BlockPos{x=0, y=0, z=0} BlockPos{x=-39, y=73, z=-58}
[13Aug2025 04:22:57.430] [Server thread/WARN] [net.minecraft.server.level.ServerPlayerGameMode/]: Mismatch in destroy block pos: BlockPos{x=0, y=0, z=0} BlockPos{x=-40, y=73, z=-57}
[13Aug2025 04:23:01.976] [Server thread/WARN] [net.minecraft.server.level.ServerPlayerGameMode/]: Mismatch in destroy block pos: BlockPos{x=0, y=0, z=0} BlockPos{x=-38, y=73, z=-56}
[13Aug2025 04:23:02.454] [Server thread/WARN] [net.minecraft.server.level.ServerPlayerGameMode/]: Mismatch in destroy block pos: BlockPos{x=0, y=0, z=0} BlockPos{x=-37, y=74, z=-57}
[13Aug2025 04:23:02.662] [Server thread/WARN] [net.minecraft.server.level.ServerPlayerGameMode/]: Mismatch in destroy block pos: BlockPos{x=0, y=0, z=0} BlockPos{x=-37, y=74, z=-57}
[13Aug2025 04:23:04.363] [Server thread/WARN] [net.minecraft.server.level.ServerPlayerGameMode/]: Mismatch in destroy block pos: BlockPos{x=0, y=0, z=0} BlockPos{x=-34, y=73, z=-57}
[13Aug2025 04:23:04.394] [Server thread/WARN] [net.minecraft.server.level.ServerPlayerGameMode/]: Mismatch in destroy block pos: BlockPos{x=0, y=0, z=0} BlockPos{x=-34, y=73, z=-56}
[13Aug2025 04:23:04.484] [Server thread/WARN] [net.minecraft.server.level.ServerPlayerGameMode/]: Mismatch in destroy block pos: BlockPos{x=0, y=0, z=0} BlockPos{x=-35, y=73, z=-56}
[13Aug2025 04:23:04.611] [Server thread/WARN] [net.minecraft.server.level.ServerPlayerGameMode/]: Mismatch in destroy block pos: BlockPos{x=0, y=0, z=0} BlockPos{x=-34, y=73, z=-56}
[13Aug2025 04:23:04.658] [Server thread/WARN] [net.minecraft.server.level.ServerPlayerGameMode/]: Mismatch in destroy block pos: BlockPos{x=0, y=0, z=0} BlockPos{x=-34, y=73, z=-55}
[13Aug2025 04:23:04.862] [Server thread/WARN] [net.minecraft.server.level.ServerPlayerGameMode/]: Mismatch in destroy block pos: BlockPos{x=0, y=0, z=0} BlockPos{x=-34, y=74, z=-54}
[13Aug2025 04:23:04.925] [Server thread/WARN] [net.minecraft.server.level.ServerPlayerGameMode/]: Mismatch in destroy block pos: BlockPos{x=0, y=0, z=0} BlockPos{x=-34, y=73, z=-52}
[13Aug2025 04:23:05.068] [Server thread/WARN] [net.minecraft.server.level.ServerPlayerGameMode/]: Mismatch in destroy block pos: BlockPos{x=0, y=0, z=0} BlockPos{x=-35, y=73, z=-52}
